rm -f gifenc.o lenia.o main.o orbium.o lenia.out
mpicc -O3 -Wall  -c -o gifenc.o src/gifenc.c
mpicc -O3 -Wall  -c -o lenia.o src/lenia.c
mpicc -O3 -Wall  -c -o main.o src/main.c
mpicc -O3 -Wall  -c -o orbium.o src/orbium.c
mpicc -O3 -Wall gifenc.o lenia.o main.o orbium.o -o lenia.out  -lm
Execution time: 37.533
Execution time: 37.533
Execution time: 37.534
Execution time: 37.534
Execution time: 37.534
Execution time: 37.534
Execution time: 37.534
Execution time: 37.534
Execution time: 37.534
Execution time: 37.535
Execution time: 37.535
Execution time: 37.535
Execution time: 37.535
Execution time: 37.535
Execution time: 37.535
Execution time: 37.536
Execution time: 37.536
Execution time: 37.536
Execution time: 37.536
Execution time: 37.536
Execution time: 37.536
Execution time: 37.536
Execution time: 37.537
Execution time: 37.537
Execution time: 37.538
Execution time: 37.538
Execution time: 37.539
Execution time: 37.539
Execution time: 37.541
Execution time: 37.544
Execution time: 37.555
Execution time: 37.557
RUN 1 DONE
Execution time: 37.432
Execution time: 37.434
Execution time: 37.434
Execution time: 37.434
Execution time: 37.433
Execution time: 37.433
Execution time: 37.432
Execution time: 37.433
Execution time: 37.435
Execution time: 37.433
Execution time: 37.434
Execution time: 37.434
Execution time: 37.434
Execution time: 37.435
Execution time: 37.436
Execution time: 37.436
Execution time: 37.436
Execution time: 37.436
Execution time: 37.436
Execution time: 37.436
Execution time: 37.436
Execution time: 37.437
Execution time: 37.437
Execution time: 37.437
Execution time: 37.437
Execution time: 37.438
Execution time: 37.439
Execution time: 37.439
Execution time: 37.441
Execution time: 37.444
Execution time: 37.455
Execution time: 37.457
RUN 2 DONE
Execution time: 37.489
Execution time: 37.489
Execution time: 37.490
Execution time: 37.490
Execution time: 37.490
Execution time: 37.490
Execution time: 37.491
Execution time: 37.491
Execution time: 37.491
Execution time: 37.491
Execution time: 37.491
Execution time: 37.491
Execution time: 37.491
Execution time: 37.492
Execution time: 37.492
Execution time: 37.492
Execution time: 37.492
Execution time: 37.492
Execution time: 37.492
Execution time: 37.493
Execution time: 37.493
Execution time: 37.493
Execution time: 37.493
Execution time: 37.494
Execution time: 37.494
Execution time: 37.494
Execution time: 37.495
Execution time: 37.495
Execution time: 37.499
Execution time: 37.501
Execution time: 37.513
Execution time: 37.515
RUN 3 DONE
Execution time: 37.420
Execution time: 37.420
Execution time: 37.420
Execution time: 37.421
Execution time: 37.421
Execution time: 37.421
Execution time: 37.421
Execution time: 37.421
Execution time: 37.421
Execution time: 37.421
Execution time: 37.422
Execution time: 37.422
Execution time: 37.423
Execution time: 37.423
Execution time: 37.423
Execution time: 37.423
Execution time: 37.424
Execution time: 37.423
Execution time: 37.424
Execution time: 37.424
Execution time: 37.424
Execution time: 37.424
Execution time: 37.424
Execution time: 37.425
Execution time: 37.425
Execution time: 37.425
Execution time: 37.427
Execution time: 37.427
Execution time: 37.429
Execution time: 37.431
Execution time: 37.443
Execution time: 37.445
RUN 4 DONE
Execution time: 37.435
Execution time: 37.435
Execution time: 37.435
Execution time: 37.436
Execution time: 37.436
Execution time: 37.436
Execution time: 37.436
Execution time: 37.436
Execution time: 37.437
Execution time: 37.437
Execution time: 37.437
Execution time: 37.437
Execution time: 37.437
Execution time: 37.437
Execution time: 37.437
Execution time: 37.437
Execution time: 37.437
Execution time: 37.438
Execution time: 37.438
Execution time: 37.438
Execution time: 37.438
Execution time: 37.439
Execution time: 37.439
Execution time: 37.439
Execution time: 37.439
Execution time: 37.440
Execution time: 37.440
Execution time: 37.441
Execution time: 37.444
Execution time: 37.446
Execution time: 37.458
Execution time: 37.458
RUN 5 DONE
