rm -f gifenc.o lenia.o main.o orbium.o lenia.out
mpicc -O3 -Wall  -c -o gifenc.o src/gifenc.c
mpicc -O3 -Wall  -c -o lenia.o src/lenia.c
mpicc -O3 -Wall  -c -o main.o src/main.c
mpicc -O3 -Wall  -c -o orbium.o src/orbium.c
mpicc -O3 -Wall gifenc.o lenia.o main.o orbium.o -o lenia.out  -lm
Execution time: 9.501
Execution time: 9.501
Execution time: 9.502
Execution time: 9.502
Execution time: 9.504
Execution time: 9.502
Execution time: 9.502
Execution time: 9.502
Execution time: 9.503
Execution time: 9.502
Execution time: 9.503
Execution time: 9.502
Execution time: 9.505
Execution time: 9.502
Execution time: 9.503
Execution time: 9.502
Execution time: 9.503
Execution time: 9.501
Execution time: 9.502
Execution time: 9.501
Execution time: 9.504
Execution time: 9.501
Execution time: 9.501
Execution time: 9.501
Execution time: 9.502
Execution time: 9.501
Execution time: 9.501
Execution time: 9.502
Execution time: 9.501
Execution time: 9.502
Execution time: 9.502
Execution time: 9.508
RUN 1 DONE
Execution time: 9.450
Execution time: 9.451
Execution time: 9.451
Execution time: 9.451
Execution time: 9.451
Execution time: 9.451
Execution time: 9.451
Execution time: 9.451
Execution time: 9.451
Execution time: 9.451
Execution time: 9.451
Execution time: 9.451
Execution time: 9.451
Execution time: 9.451
Execution time: 9.451
Execution time: 9.451
Execution time: 9.451
Execution time: 9.451
Execution time: 9.451
Execution time: 9.451
Execution time: 9.451
Execution time: 9.452
Execution time: 9.452
Execution time: 9.452
Execution time: 9.452
Execution time: 9.452
Execution time: 9.452
Execution time: 9.452
Execution time: 9.453
Execution time: 9.453
Execution time: 9.454
Execution time: 9.457
RUN 2 DONE
Execution time: 9.484
Execution time: 9.484
Execution time: 9.484
Execution time: 9.484
Execution time: 9.485
Execution time: 9.484
Execution time: 9.484
Execution time: 9.484
Execution time: 9.484
Execution time: 9.484
Execution time: 9.484
Execution time: 9.485
Execution time: 9.485
Execution time: 9.484
Execution time: 9.485
Execution time: 9.485
Execution time: 9.485
Execution time: 9.485
Execution time: 9.485
Execution time: 9.485
Execution time: 9.485
Execution time: 9.485
Execution time: 9.486
Execution time: 9.484
Execution time: 9.485
Execution time: 9.484
Execution time: 9.486
Execution time: 9.486
Execution time: 9.487
Execution time: 9.487
Execution time: 9.488
Execution time: 9.490
RUN 3 DONE
Execution time: 9.422
Execution time: 9.422
Execution time: 9.422
Execution time: 9.422
Execution time: 9.422
Execution time: 9.422
Execution time: 9.422
Execution time: 9.422
Execution time: 9.422
Execution time: 9.423
Execution time: 9.423
Execution time: 9.423
Execution time: 9.422
Execution time: 9.423
Execution time: 9.423
Execution time: 9.423
Execution time: 9.423
Execution time: 9.423
Execution time: 9.423
Execution time: 9.423
Execution time: 9.423
Execution time: 9.423
Execution time: 9.423
Execution time: 9.423
Execution time: 9.423
Execution time: 9.423
Execution time: 9.424
Execution time: 9.424
Execution time: 9.424
Execution time: 9.425
Execution time: 9.426
Execution time: 9.429
RUN 4 DONE
Execution time: 9.474
Execution time: 9.474
Execution time: 9.475
Execution time: 9.475
Execution time: 9.475
Execution time: 9.475
Execution time: 9.475
Execution time: 9.475
Execution time: 9.475
Execution time: 9.475
Execution time: 9.475
Execution time: 9.475
Execution time: 9.475
Execution time: 9.476
Execution time: 9.476
Execution time: 9.475
Execution time: 9.476
Execution time: 9.475
Execution time: 9.476
Execution time: 9.476
Execution time: 9.476
Execution time: 9.476
Execution time: 9.476
Execution time: 9.476
Execution time: 9.476
Execution time: 9.476
Execution time: 9.476
Execution time: 9.476
Execution time: 9.477
Execution time: 9.477
Execution time: 9.479
Execution time: 9.480
RUN 5 DONE
