rm -f gifenc.o lenia.o main.o orbium.o lenia.out
mpicc -O3 -Wall  -c -o gifenc.o src/gifenc.c
mpicc -O3 -Wall  -c -o lenia.o src/lenia.c
mpicc -O3 -Wall  -c -o main.o src/main.c
mpicc -O3 -Wall  -c -o orbium.o src/orbium.c
mpicc -O3 -Wall gifenc.o lenia.o main.o orbium.o -o lenia.out  -lm
Execution time: 0.340
Execution time: 0.340
Execution time: 0.340
Execution time: 0.340
Execution time: 0.340
Execution time: 0.340
Execution time: 0.340
Execution time: 0.340
Execution time: 0.340
Execution time: 0.340
Execution time: 0.340
Execution time: 0.340
Execution time: 0.340
Execution time: 0.340
Execution time: 0.340
Execution time: 0.340
RUN 1 DONE
Execution time: 0.385
Execution time: 0.385
Execution time: 0.385
Execution time: 0.385
Execution time: 0.384
Execution time: 0.384
Execution time: 0.385
Execution time: 0.384
Execution time: 0.385
Execution time: 0.384
Execution time: 0.385
Execution time: 0.384
Execution time: 0.385
Execution time: 0.385
Execution time: 0.385
Execution time: 0.385
RUN 2 DONE
Execution time: 0.458
Execution time: 0.458
Execution time: 0.458
Execution time: 0.458
Execution time: 0.458
Execution time: 0.458
Execution time: 0.458
Execution time: 0.458
Execution time: 0.458
Execution time: 0.458
Execution time: 0.458
Execution time: 0.458
Execution time: 0.458
Execution time: 0.458
Execution time: 0.458
Execution time: 0.458
RUN 3 DONE
Execution time: 0.398
Execution time: 0.398
Execution time: 0.398
Execution time: 0.398
Execution time: 0.398
Execution time: 0.398
Execution time: 0.398
Execution time: 0.398
Execution time: 0.398
Execution time: 0.398
Execution time: 0.398
Execution time: 0.398
Execution time: 0.398
Execution time: 0.398
Execution time: 0.398
Execution time: 0.398
RUN 4 DONE
Execution time: 0.394
Execution time: 0.395
Execution time: 0.394
Execution time: 0.394
Execution time: 0.394
Execution time: 0.395
Execution time: 0.394
Execution time: 0.394
Execution time: 0.394
Execution time: 0.395
Execution time: 0.394
Execution time: 0.394
Execution time: 0.395
Execution time: 0.394
Execution time: 0.395
Execution time: 0.395
RUN 5 DONE
