rm -f gifenc.o lenia.o main.o orbium.o lenia.out
mpicc -O3 -Wall  -c -o gifenc.o src/gifenc.c
mpicc -O3 -Wall  -c -o lenia.o src/lenia.c
mpicc -O3 -Wall  -c -o main.o src/main.c
mpicc -O3 -Wall  -c -o orbium.o src/orbium.c
mpicc -O3 -Wall gifenc.o lenia.o main.o orbium.o -o lenia.out  -lm
Execution time: 4.758
Execution time: 4.758
Execution time: 4.758
Execution time: 4.758
Execution time: 4.758
Execution time: 4.758
Execution time: 4.759
Execution time: 4.759
Execution time: 4.759
Execution time: 4.759
Execution time: 4.759
Execution time: 4.759
Execution time: 4.759
Execution time: 4.759
Execution time: 4.760
Execution time: 4.760
RUN 1 DONE
Execution time: 4.708
Execution time: 4.708
Execution time: 4.708
Execution time: 4.708
Execution time: 4.708
Execution time: 4.708
Execution time: 4.708
Execution time: 4.708
Execution time: 4.708
Execution time: 4.708
Execution time: 4.708
Execution time: 4.708
Execution time: 4.708
Execution time: 4.708
Execution time: 4.709
Execution time: 4.710
RUN 2 DONE
Execution time: 9.120
Execution time: 9.213
Execution time: 9.213
Execution time: 9.213
Execution time: 9.260
Execution time: 9.306
Execution time: 9.306
Execution time: 9.306
Execution time: 9.306
Execution time: 9.352
Execution time: 9.352
Execution time: 9.353
Execution time: 9.353
Execution time: 9.353
Execution time: 9.354
Execution time: 9.354
RUN 3 DONE
Execution time: 4.858
Execution time: 4.858
Execution time: 4.858
Execution time: 4.858
Execution time: 4.858
Execution time: 4.858
Execution time: 4.858
Execution time: 4.858
Execution time: 4.858
Execution time: 4.858
Execution time: 4.859
Execution time: 4.859
Execution time: 4.859
Execution time: 4.859
Execution time: 4.860
Execution time: 4.860
RUN 4 DONE
Execution time: 4.743
Execution time: 4.743
Execution time: 4.743
Execution time: 4.743
Execution time: 4.743
Execution time: 4.743
Execution time: 4.743
Execution time: 4.743
Execution time: 4.743
Execution time: 4.743
Execution time: 4.743
Execution time: 4.743
Execution time: 4.744
Execution time: 4.744
Execution time: 4.744
Execution time: 4.745
RUN 5 DONE
