rm -f gifenc.o lenia.o main.o orbium.o lenia.out
mpicc -O3 -Wall  -c -o gifenc.o src/gifenc.c
mpicc -O3 -Wall  -c -o lenia.o src/lenia.c
mpicc -O3 -Wall  -c -o main.o src/main.c
mpicc -O3 -Wall  -c -o orbium.o src/orbium.c
mpicc -O3 -Wall gifenc.o lenia.o main.o orbium.o -o lenia.out  -lm
Execution time: 2.488
Execution time: 2.488
Execution time: 2.488
Execution time: 2.488
Execution time: 2.488
Execution time: 2.488
Execution time: 2.489
Execution time: 2.488
Execution time: 2.488
Execution time: 2.488
Execution time: 2.488
Execution time: 2.489
Execution time: 2.488
Execution time: 2.488
Execution time: 2.488
Execution time: 2.489
Execution time: 2.489
Execution time: 2.489
Execution time: 2.489
Execution time: 2.489
Execution time: 2.489
Execution time: 2.489
Execution time: 2.489
Execution time: 2.489
Execution time: 2.489
Execution time: 2.489
Execution time: 2.489
Execution time: 2.489
Execution time: 2.490
Execution time: 2.490
Execution time: 2.490
Execution time: 2.491
RUN 1 DONE
Execution time: 2.517
Execution time: 2.517
Execution time: 2.517
Execution time: 2.517
Execution time: 2.518
Execution time: 2.517
Execution time: 2.517
Execution time: 2.517
Execution time: 2.518
Execution time: 2.518
Execution time: 2.518
Execution time: 2.518
Execution time: 2.517
Execution time: 2.518
Execution time: 2.517
Execution time: 2.518
Execution time: 2.518
Execution time: 2.518
Execution time: 2.518
Execution time: 2.518
Execution time: 2.518
Execution time: 2.518
Execution time: 2.518
Execution time: 2.518
Execution time: 2.518
Execution time: 2.518
Execution time: 2.518
Execution time: 2.518
Execution time: 2.518
Execution time: 2.518
Execution time: 2.519
Execution time: 2.520
RUN 2 DONE
Execution time: 2.542
Execution time: 2.542
Execution time: 2.542
Execution time: 2.542
Execution time: 2.542
Execution time: 2.542
Execution time: 2.542
Execution time: 2.543
Execution time: 2.542
Execution time: 2.542
Execution time: 2.543
Execution time: 2.542
Execution time: 2.542
Execution time: 2.542
Execution time: 2.545
Execution time: 2.542
Execution time: 2.542
Execution time: 2.542
Execution time: 2.543
Execution time: 2.542
Execution time: 2.542
Execution time: 2.542
Execution time: 2.543
Execution time: 2.542
Execution time: 2.542
Execution time: 2.542
Execution time: 2.542
Execution time: 2.542
Execution time: 2.542
Execution time: 2.542
Execution time: 2.544
Execution time: 2.542
RUN 3 DONE
Execution time: 2.413
Execution time: 2.414
Execution time: 2.413
Execution time: 2.413
Execution time: 2.416
Execution time: 2.414
Execution time: 2.414
Execution time: 2.414
Execution time: 2.415
Execution time: 2.413
Execution time: 2.414
Execution time: 2.413
Execution time: 2.414
Execution time: 2.414
Execution time: 2.414
Execution time: 2.414
Execution time: 2.415
Execution time: 2.414
Execution time: 2.414
Execution time: 2.414
Execution time: 2.414
Execution time: 2.414
Execution time: 2.414
Execution time: 2.414
Execution time: 2.414
Execution time: 2.414
Execution time: 2.414
Execution time: 2.414
Execution time: 2.414
Execution time: 2.414
Execution time: 2.414
Execution time: 2.413
RUN 4 DONE
Execution time: 2.473
Execution time: 2.473
Execution time: 2.473
Execution time: 2.473
Execution time: 2.473
Execution time: 2.473
Execution time: 2.473
Execution time: 2.473
Execution time: 2.473
Execution time: 2.473
Execution time: 2.473
Execution time: 2.473
Execution time: 2.473
Execution time: 2.473
Execution time: 2.473
Execution time: 2.473
Execution time: 2.473
Execution time: 2.474
Execution time: 2.473
Execution time: 2.473
Execution time: 2.475
Execution time: 2.473
Execution time: 2.473
Execution time: 2.473
Execution time: 2.473
Execution time: 2.473
Execution time: 2.473
Execution time: 2.474
Execution time: 2.473
Execution time: 2.473
Execution time: 2.475
Execution time: 2.473
RUN 5 DONE
