rm -f gifenc.o lenia.o main.o orbium.o lenia.out
mpicc -O3 -Wall  -c -o gifenc.o src/gifenc.c
mpicc -O3 -Wall  -c -o lenia.o src/lenia.c
mpicc -O3 -Wall  -c -o main.o src/main.c
mpicc -O3 -Wall  -c -o orbium.o src/orbium.c
mpicc -O3 -Wall gifenc.o lenia.o main.o orbium.o -o lenia.out  -lm
Execution time: 18.806
Execution time: 18.806
Execution time: 18.806
Execution time: 18.808
Execution time: 18.807
Execution time: 18.806
Execution time: 18.807
Execution time: 18.807
Execution time: 18.808
Execution time: 18.807
Execution time: 18.807
Execution time: 18.807
Execution time: 18.806
Execution time: 18.807
Execution time: 18.810
Execution time: 18.812
RUN 1 DONE
Execution time: 18.788
Execution time: 18.789
Execution time: 18.789
Execution time: 18.788
Execution time: 18.788
Execution time: 18.789
Execution time: 18.789
Execution time: 18.789
Execution time: 18.790
Execution time: 18.790
Execution time: 18.790
Execution time: 18.790
Execution time: 18.790
Execution time: 18.791
Execution time: 18.792
Execution time: 18.795
RUN 2 DONE
Execution time: 18.723
Execution time: 18.723
Execution time: 18.723
Execution time: 18.724
Execution time: 18.724
Execution time: 18.723
Execution time: 18.724
Execution time: 18.724
Execution time: 18.723
Execution time: 18.724
Execution time: 18.724
Execution time: 18.725
Execution time: 18.725
Execution time: 18.726
Execution time: 18.728
Execution time: 18.729
RUN 3 DONE
Execution time: 18.804
Execution time: 18.805
Execution time: 18.805
Execution time: 18.804
Execution time: 18.805
Execution time: 18.804
Execution time: 18.805
Execution time: 18.805
Execution time: 18.805
Execution time: 18.805
Execution time: 18.806
Execution time: 18.806
Execution time: 18.807
Execution time: 18.807
Execution time: 18.809
Execution time: 18.811
RUN 4 DONE
Execution time: 18.798
Execution time: 18.798
Execution time: 18.798
Execution time: 18.799
Execution time: 18.798
Execution time: 18.799
Execution time: 18.800
Execution time: 18.799
Execution time: 18.799
Execution time: 18.799
Execution time: 18.799
Execution time: 18.799
Execution time: 18.800
Execution time: 18.800
Execution time: 18.802
Execution time: 18.803
RUN 5 DONE
