rm -f gifenc.o lenia.o main.o orbium.o lenia.out
mpicc -O3 -Wall  -c -o gifenc.o src/gifenc.c
mpicc -O3 -Wall  -c -o lenia.o src/lenia.c
mpicc -O3 -Wall  -c -o main.o src/main.c
mpicc -O3 -Wall  -c -o orbium.o src/orbium.c
mpicc -O3 -Wall gifenc.o lenia.o main.o orbium.o -o lenia.out  -lm
Execution time: 37.416
Execution time: 37.417
RUN 1 DONE
Execution time: 37.418
Execution time: 37.419
RUN 2 DONE
Execution time: 37.419
Execution time: 37.420
RUN 3 DONE
Execution time: 37.424
Execution time: 37.425
RUN 4 DONE
Execution time: 37.417
Execution time: 37.418
RUN 5 DONE
