rm -f gifenc.o lenia.o main.o orbium.o lenia.out
mpicc -O3 -Wall  -c -o gifenc.o src/gifenc.c
mpicc -O3 -Wall  -c -o lenia.o src/lenia.c
mpicc -O3 -Wall  -c -o main.o src/main.c
mpicc -O3 -Wall  -c -o orbium.o src/orbium.c
mpicc -O3 -Wall gifenc.o lenia.o main.o orbium.o -o lenia.out  -lm
Execution time: 0.237
Execution time: 0.236
Execution time: 0.237
Execution time: 0.237
Execution time: 0.236
Execution time: 0.237
Execution time: 0.236
Execution time: 0.236
Execution time: 0.237
Execution time: 0.236
Execution time: 0.237
Execution time: 0.237
Execution time: 0.237
Execution time: 0.237
Execution time: 0.236
Execution time: 0.236
Execution time: 0.236
Execution time: 0.237
Execution time: 0.237
Execution time: 0.236
Execution time: 0.236
Execution time: 0.237
Execution time: 0.236
Execution time: 0.237
Execution time: 0.237
Execution time: 0.236
Execution time: 0.237
Execution time: 0.237
Execution time: 0.236
Execution time: 0.237
Execution time: 0.237
Execution time: 0.237
RUN 1 DONE
Execution time: 0.259
Execution time: 0.259
Execution time: 0.259
Execution time: 0.259
Execution time: 0.259
Execution time: 0.259
Execution time: 0.259
Execution time: 0.259
Execution time: 0.259
Execution time: 0.259
Execution time: 0.259
Execution time: 0.259
Execution time: 0.259
Execution time: 0.259
Execution time: 0.259
Execution time: 0.259
Execution time: 0.259
Execution time: 0.259
Execution time: 0.259
Execution time: 0.259
Execution time: 0.259
Execution time: 0.259
Execution time: 0.259
Execution time: 0.259
Execution time: 0.259
Execution time: 0.259
Execution time: 0.259
Execution time: 0.259
Execution time: 0.259
Execution time: 0.259
Execution time: 0.260
Execution time: 0.259
RUN 2 DONE
Execution time: 0.294
Execution time: 0.294
Execution time: 0.293
Execution time: 0.293
Execution time: 0.293
Execution time: 0.293
Execution time: 0.294
Execution time: 0.293
Execution time: 0.294
Execution time: 0.293
Execution time: 0.293
Execution time: 0.293
Execution time: 0.293
Execution time: 0.293
Execution time: 0.293
Execution time: 0.294
Execution time: 0.294
Execution time: 0.294
Execution time: 0.293
Execution time: 0.293
Execution time: 0.293
Execution time: 0.293
Execution time: 0.293
Execution time: 0.293
Execution time: 0.293
Execution time: 0.294
Execution time: 0.293
Execution time: 0.293
Execution time: 0.294
Execution time: 0.293
Execution time: 0.294
Execution time: 0.294
RUN 3 DONE
Execution time: 0.327
Execution time: 0.327
Execution time: 0.327
Execution time: 0.327
Execution time: 0.327
Execution time: 0.327
Execution time: 0.328
Execution time: 0.328
Execution time: 0.328
Execution time: 0.328
Execution time: 0.328
Execution time: 0.328
Execution time: 0.328
Execution time: 0.328
Execution time: 0.328
Execution time: 0.328
Execution time: 0.328
Execution time: 0.328
Execution time: 0.328
Execution time: 0.328
Execution time: 0.328
Execution time: 0.328
Execution time: 0.328
Execution time: 0.328
Execution time: 0.328
Execution time: 0.328
Execution time: 0.328
Execution time: 0.329
Execution time: 0.330
Execution time: 0.329
Execution time: 0.330
Execution time: 0.330
RUN 4 DONE
Execution time: 0.268
Execution time: 0.268
Execution time: 0.268
Execution time: 0.268
Execution time: 0.268
Execution time: 0.268
Execution time: 0.268
Execution time: 0.268
Execution time: 0.268
Execution time: 0.268
Execution time: 0.268
Execution time: 0.268
Execution time: 0.268
Execution time: 0.268
Execution time: 0.268
Execution time: 0.268
Execution time: 0.268
Execution time: 0.268
Execution time: 0.268
Execution time: 0.268
Execution time: 0.268
Execution time: 0.268
Execution time: 0.268
Execution time: 0.268
Execution time: 0.268
Execution time: 0.268
Execution time: 0.268
Execution time: 0.268
Execution time: 0.268
Execution time: 0.268
Execution time: 0.268
Execution time: 0.268
RUN 5 DONE
